2026-06-10 15:22:23 [main] INFO  testCases.TC_001_AccountRegistrationTest - **** Starting AccountRegistrationTest ****
2026-06-10 15:22:23 [main] INFO  testCases.TC_001_AccountRegistrationTest - Clicked on My Account link
2026-06-10 15:22:24 [main] INFO  testCases.TC_001_AccountRegistrationTest - Clicked on Register link
2026-06-10 15:22:24 [main] INFO  testCases.TC_001_AccountRegistrationTest - Providing customer details...
2026-06-10 15:22:26 [main] INFO  testCases.TC_001_AccountRegistrationTest - Validating expected message...
2026-06-10 15:22:26 [main] INFO  testCases.TC_001_AccountRegistrationTest - ***** Finished TC001_AccountRegistrationTest  ****
2026-06-10 15:22:58 [main] INFO  testCases.TC_001_AccountRegistrationTest - **** Starting AccountRegistrationTest ****
2026-06-10 15:22:59 [main] INFO  testCases.TC_001_AccountRegistrationTest - Clicked on My Account link
2026-06-10 15:22:59 [main] INFO  testCases.TC_001_AccountRegistrationTest - Clicked on Register link
2026-06-10 15:22:59 [main] INFO  testCases.TC_001_AccountRegistrationTest - Providing customer details...
2026-06-10 15:23:02 [main] INFO  testCases.TC_001_AccountRegistrationTest - Validating expected message...
2026-06-10 15:23:02 [main] INFO  testCases.TC_001_AccountRegistrationTest - ***** Finished TC001_AccountRegistrationTest  ****
2026-06-10 16:56:57 [main] INFO  testCases.TC_001_AccountRegistrationTest - **** Starting AccountRegistrationTest ****
2026-06-10 16:56:57 [main] INFO  testCases.TC_001_AccountRegistrationTest - Clicked on My Account link
2026-06-10 16:56:57 [main] INFO  testCases.TC_001_AccountRegistrationTest - Clicked on Register link
2026-06-10 16:56:57 [main] INFO  testCases.TC_001_AccountRegistrationTest - Providing customer details...
2026-06-10 16:56:59 [main] INFO  testCases.TC_001_AccountRegistrationTest - Validating expected message...
2026-06-10 16:56:59 [main] INFO  testCases.TC_001_AccountRegistrationTest - ***** Finished TC001_AccountRegistrationTest  ****
2026-06-10 16:57:31 [main] INFO  testCases.TC_001_AccountRegistrationTest - **** Starting AccountRegistrationTest ****
2026-06-10 16:57:32 [main] INFO  testCases.TC_001_AccountRegistrationTest - Clicked on My Account link
2026-06-10 16:57:32 [main] INFO  testCases.TC_001_AccountRegistrationTest - Clicked on Register link
2026-06-10 16:57:32 [main] INFO  testCases.TC_001_AccountRegistrationTest - Providing customer details...
2026-06-10 16:57:34 [main] INFO  testCases.TC_001_AccountRegistrationTest - Validating expected message...
2026-06-10 16:57:34 [main] INFO  testCases.TC_001_AccountRegistrationTest - ***** Finished TC001_AccountRegistrationTest  ****
2026-06-11 11:04:41 [main] INFO  testCases.TC_001_AccountRegistrationTest - **** Starting AccountRegistrationTest ****
2026-06-11 11:05:54 [main] INFO  testCases.TC_001_AccountRegistrationTest - **** Starting AccountRegistrationTest ****
2026-06-11 11:06:56 [main] INFO  testCases.TC_001_AccountRegistrationTest - **** Starting AccountRegistrationTest ****
2026-06-11 11:23:33 [main] INFO  testCases.TC_001_AccountRegistrationTest - **** Starting AccountRegistrationTest ****
2026-06-11 11:24:52 [main] INFO  testCases.TC_001_AccountRegistrationTest - **** Starting AccountRegistrationTest ****
2026-06-11 11:25:04 [main] INFO  testCases.TC_001_AccountRegistrationTest - **** Starting AccountRegistrationTest ****
2026-06-11 11:25:54 [TestNG-tests-2] INFO  testCases.TC_001_AccountRegistrationTest - **** Starting AccountRegistrationTest ****
2026-06-11 11:25:54 [TestNG-tests-1] INFO  testCases.TC_001_AccountRegistrationTest - **** Starting AccountRegistrationTest ****
2026-06-11 11:31:14 [TestNG-tests-2] INFO  testCases.TC_001_AccountRegistrationTest - **** Starting AccountRegistrationTest ****
2026-06-11 11:31:15 [TestNG-tests-1] INFO  testCases.TC_001_AccountRegistrationTest - **** Starting AccountRegistrationTest ****
2026-06-11 12:15:48 [main] INFO  testCases.TC_001_AccountRegistrationTest - **** Starting AccountRegistrationTest ****
2026-06-11 12:17:34 [main] INFO  testCases.TC_001_AccountRegistrationTest - **** Starting AccountRegistrationTest ****
2026-06-11 12:18:19 [main] INFO  testCases.TC_001_AccountRegistrationTest - **** Starting AccountRegistrationTest ****
2026-06-11 12:18:55 [main] INFO  testCases.TC_001_AccountRegistrationTest - **** Starting AccountRegistrationTest ****
2026-06-11 12:24:14 [main] INFO  testCases.TC_001_AccountRegistrationTest - **** Starting AccountRegistrationTest ****
2026-06-11 16:25:24 [main] INFO  testCases.TC_002_LoginTest - Starting TC_002_LoginTest
2026-06-11 16:26:11 [main] INFO  testCases.TC_002_LoginTest - Starting TC_002_LoginTest
2026-06-11 16:29:52 [main] INFO  testCases.TC_002_LoginTest - Starting TC_002_LoginTest
2026-06-11 16:32:47 [main] INFO  testCases.TC_002_LoginTest - Starting TC_002_LoginTest
2026-06-11 16:32:50 [main] INFO  testCases.TC_002_LoginTest - Finished TC_002_LoginTest
2026-06-11 16:54:45 [main] INFO  testCases.TC_002_LoginTest - Starting TC_002_LoginTest
2026-06-11 16:54:48 [main] INFO  testCases.TC_002_LoginTest - Finished TC_002_LoginTest
2026-06-11 17:07:02 [main] INFO  testCases.TC_002_LoginTest - Starting TC_002_LoginTest
2026-06-11 17:07:04 [main] INFO  testCases.TC_002_LoginTest - Finished TC_002_LoginTest
2026-06-11 17:10:00 [main] INFO  org.testng.internal.Utils - [TestNG] Running:
  C:\workspaces\seleniumworkspace\OpencartV121\master.xml

2026-06-11 17:10:04 [main] INFO  testCases.TC_002_LoginTest - Starting TC_002_LoginTest
2026-06-11 17:10:15 [main] INFO  testCases.TC_002_LoginTest - Finished TC_002_LoginTest
2026-06-12 15:37:40 [main] INFO  org.testng.internal.Utils - [TestNG] Running:
  C:\workspaces\seleniumworkspace\OpencartV121\master.xml

2026-06-12 15:37:53 [main] INFO  testCases.TC003_LoginDDT - ***** stating TC_003_LoginDDT ******
2026-06-12 15:38:15 [main] INFO  testCases.TC003_LoginDDT - ***** stating TC_003_LoginDDT ******
2026-06-12 15:38:21 [main] INFO  testCases.TC003_LoginDDT - ***** Finished TC_003_LoginDDT ******
2026-06-12 15:38:21 [main] INFO  testCases.TC003_LoginDDT - ***** stating TC_003_LoginDDT ******
2026-06-12 15:38:26 [main] INFO  testCases.TC003_LoginDDT - ***** Finished TC_003_LoginDDT ******
2026-06-12 15:38:26 [main] INFO  testCases.TC003_LoginDDT - ***** stating TC_003_LoginDDT ******
2026-06-12 15:38:52 [main] INFO  testCases.TC003_LoginDDT - ***** Finished TC_003_LoginDDT ******
2026-06-12 15:38:52 [main] INFO  testCases.TC003_LoginDDT - ***** stating TC_003_LoginDDT ******
2026-06-12 15:38:58 [main] INFO  testCases.TC003_LoginDDT - ***** Finished TC_003_LoginDDT ******
2026-06-12 15:38:58 [main] INFO  testCases.TC003_LoginDDT - ***** stating TC_003_LoginDDT ******
2026-06-12 15:39:22 [main] INFO  testCases.TC003_LoginDDT - ***** Finished TC_003_LoginDDT ******
2026-06-12 15:43:27 [main] INFO  org.testng.internal.Utils - [TestNG] Running:
  C:\workspaces\seleniumworkspace\OpencartV121\master.xml

2026-06-12 15:43:32 [main] INFO  testCases.TC003_LoginDDT - ***** stating TC_003_LoginDDT ******
2026-06-12 15:43:54 [main] INFO  testCases.TC003_LoginDDT - ***** stating TC_003_LoginDDT ******
2026-06-12 15:44:00 [main] INFO  testCases.TC003_LoginDDT - ***** Finished TC_003_LoginDDT ******
2026-06-12 15:44:00 [main] INFO  testCases.TC003_LoginDDT - ***** stating TC_003_LoginDDT ******
2026-06-12 15:44:05 [main] INFO  testCases.TC003_LoginDDT - ***** Finished TC_003_LoginDDT ******
2026-06-12 15:44:05 [main] INFO  testCases.TC003_LoginDDT - ***** stating TC_003_LoginDDT ******
2026-06-12 15:44:30 [main] INFO  testCases.TC003_LoginDDT - ***** Finished TC_003_LoginDDT ******
2026-06-12 15:44:30 [main] INFO  testCases.TC003_LoginDDT - ***** stating TC_003_LoginDDT ******
2026-06-12 15:44:35 [main] INFO  testCases.TC003_LoginDDT - ***** Finished TC_003_LoginDDT ******
2026-06-12 15:44:35 [main] INFO  testCases.TC003_LoginDDT - ***** stating TC_003_LoginDDT ******
2026-06-12 15:44:59 [main] INFO  testCases.TC003_LoginDDT - ***** Finished TC_003_LoginDDT ******
2026-06-12 15:45:10 [main] INFO  org.testng.internal.Utils - [Utils] MethodGroupsHelper.collectMethodsByGroup() took 0 ms.
2026-06-12 15:45:10 [main] INFO  org.testng.internal.Utils - [Utils] MethodGroupsHelper.sortMethods() took 0 ms.
2026-06-12 15:45:10 [main] INFO  org.testng.internal.Utils - [Utils] MethodGroupsHelper.collectMethodsByGroup() took 0 ms.
2026-06-12 15:45:10 [main] INFO  org.testng.internal.Utils - [Utils] MethodGroupsHelper.sortMethods() took 0 ms.
2026-06-12 15:45:10 [main] INFO  org.testng.internal.Utils - [Utils] MethodGroupsHelper.collectMethodsByGroup() took 0 ms.
2026-06-12 15:45:10 [main] INFO  org.testng.internal.Utils - [Utils] MethodGroupsHelper.sortMethods() took 0 ms.
2026-06-12 15:45:10 [main] INFO  org.testng.internal.Utils - [Utils] MethodGroupsHelper.collectMethodsByGroup() took 0 ms.
2026-06-12 15:45:10 [main] INFO  org.testng.internal.Utils - [Utils] MethodGroupsHelper.sortMethods() took 0 ms.
2026-06-12 15:45:10 [main] INFO  org.testng.internal.Utils - [Utils] MethodGroupsHelper.collectMethodsByGroup() took 3 ms.
2026-06-12 15:45:10 [main] INFO  org.testng.internal.Utils - [Utils] MethodGroupsHelper.sortMethods() took 5 ms.
2026-06-12 15:45:10 [main] INFO  org.testng.internal.Utils - [Utils] MethodGroupsHelper.collectMethodsByGroup() took 0 ms.
2026-06-12 15:45:10 [main] INFO  org.testng.internal.Utils - [Utils] MethodGroupsHelper.sortMethods() took 0 ms.
2026-06-12 15:45:10 [main] INFO  org.testng.internal.Utils - [Utils] MethodGroupsHelper.collectMethodsByGroup() took 0 ms.
2026-06-12 15:45:10 [main] INFO  org.testng.internal.Utils - [Utils] MethodGroupsHelper.sortMethods() took 0 ms.
2026-06-12 15:45:10 [main] INFO  org.testng.internal.Utils - [Utils] MethodGroupsHelper.collectMethodsByGroup() took 0 ms.
2026-06-12 15:45:10 [main] INFO  org.testng.internal.Utils - [Utils] MethodGroupsHelper.sortMethods() took 0 ms.
2026-06-12 15:45:10 [main] INFO  org.testng.internal.Utils - [Utils] MethodGroupsHelper.collectMethodsByGroup() took 0 ms.
2026-06-12 15:45:10 [main] INFO  org.testng.internal.Utils - [Utils] MethodGroupsHelper.sortMethods() took 0 ms.
2026-06-12 15:45:10 [main] INFO  org.testng.internal.Utils - [Utils] MethodGroupsHelper.collectMethodsByGroup() took 0 ms.
2026-06-12 15:45:10 [main] INFO  org.testng.internal.Utils - [Utils] MethodGroupsHelper.sortMethods() took 0 ms.
2026-06-12 15:45:10 [main] INFO  org.testng.internal.Utils - [Utils] MethodGroupsHelper.collectMethodsByGroup() took 0 ms.
2026-06-12 15:45:10 [main] INFO  org.testng.internal.Utils - [Utils] MethodGroupsHelper.sortMethods() took 0 ms.
2026-06-12 15:45:10 [main] INFO  org.testng.internal.Utils - [Utils] MethodGroupsHelper.collectMethodsByGroup() took 0 ms.
2026-06-12 15:45:10 [main] INFO  org.testng.internal.Utils - [Utils] MethodGroupsHelper.sortMethods() took 0 ms.
2026-06-12 15:45:10 [main] INFO  org.testng.internal.Utils - [Utils] MethodGroupsHelper.collectMethodsByGroup() took 0 ms.
2026-06-12 15:45:10 [main] INFO  org.testng.internal.Utils - [Utils] MethodGroupsHelper.sortMethods() took 0 ms.
2026-06-12 15:45:10 [main] INFO  org.testng.internal.Utils - [Utils] MethodGroupsHelper.collectMethodsByGroup() took 0 ms.
2026-06-12 15:45:10 [main] INFO  org.testng.internal.Utils - [Utils] MethodGroupsHelper.sortMethods() took 0 ms.
2026-06-12 15:45:10 [main] INFO  org.testng.internal.Utils - [Utils] MethodGroupsHelper.collectMethodsByGroup() took 0 ms.
2026-06-12 15:45:10 [main] INFO  org.testng.internal.Utils - [Utils] MethodGroupsHelper.sortMethods() took 0 ms.
2026-06-12 15:45:10 [main] INFO  org.testng.internal.Utils - [TestNG] Running:
  C:\Users\kulka\AppData\Local\Temp\testng-eclipse-1099859842\testng-customsuite.xml

2026-06-12 15:45:10 [main] INFO  org.testng.internal.Utils - [Utils] DynamicGraphHelper.createDynamicGraph() took 2 ms.
2026-06-12 15:45:11 [main] INFO  org.testng.internal.Utils - [TestNG] Time taken by org.testng.reporters.jq.Main@6272c96f: 43 ms
2026-06-12 15:45:11 [main] INFO  org.testng.internal.Utils - [TestNG] Time taken by org.testng.reporters.FailedReporter@dffa30b: 12 ms
2026-06-12 15:45:11 [main] INFO  org.testng.internal.Utils - [TestNG] Time taken by org.testng.reporters.XMLReporter@4d0b0fd4: 10 ms
2026-06-12 15:45:11 [main] INFO  org.testng.internal.Utils - [TestNG] Time taken by org.testng.reporters.EmailableReporter2@58cec85b: 7 ms
2026-06-12 15:45:11 [main] INFO  org.testng.internal.Utils - [TestNG] Time taken by org.testng.reporters.JUnitReportReporter@963176: 4 ms
2026-06-12 15:45:11 [main] INFO  org.testng.internal.Utils - [TestNG] Time taken by org.testng.internal.ExitCodeListener@65004ff6: 0 ms
2026-06-12 15:45:24 [main] INFO  org.testng.internal.Utils - [TestNG] Running:
  C:\workspaces\seleniumworkspace\OpencartV121\master.xml

2026-06-12 15:45:29 [main] INFO  testCases.TC003_LoginDDT - ***** stating TC_003_LoginDDT ******
2026-06-12 15:45:51 [main] INFO  testCases.TC003_LoginDDT - ***** stating TC_003_LoginDDT ******
2026-06-12 15:45:54 [main] INFO  testCases.TC003_LoginDDT - ***** Finished TC_003_LoginDDT ******
2026-06-12 15:45:54 [main] INFO  testCases.TC003_LoginDDT - ***** stating TC_003_LoginDDT ******
2026-06-12 15:45:57 [main] INFO  testCases.TC003_LoginDDT - ***** Finished TC_003_LoginDDT ******
2026-06-12 15:45:57 [main] INFO  testCases.TC003_LoginDDT - ***** stating TC_003_LoginDDT ******
2026-06-12 15:46:19 [main] INFO  testCases.TC003_LoginDDT - ***** Finished TC_003_LoginDDT ******
2026-06-12 15:46:19 [main] INFO  testCases.TC003_LoginDDT - ***** stating TC_003_LoginDDT ******
2026-06-12 15:46:23 [main] INFO  testCases.TC003_LoginDDT - ***** Finished TC_003_LoginDDT ******
2026-06-12 15:46:23 [main] INFO  testCases.TC003_LoginDDT - ***** stating TC_003_LoginDDT ******
2026-06-12 15:46:46 [main] INFO  testCases.TC003_LoginDDT - ***** Finished TC_003_LoginDDT ******
2026-06-12 15:48:20 [main] INFO  org.testng.internal.Utils - [TestNG] Running:
  C:\workspaces\seleniumworkspace\OpencartV121\master.xml

2026-06-12 15:48:26 [main] INFO  testCases.TC003_LoginDDT - ***** stating TC_003_LoginDDT ******
2026-06-12 15:48:29 [main] INFO  testCases.TC003_LoginDDT - ***** Finished TC_003_LoginDDT ******
2026-06-12 15:48:29 [main] INFO  testCases.TC003_LoginDDT - ***** stating TC_003_LoginDDT ******
2026-06-12 15:48:31 [main] INFO  testCases.TC003_LoginDDT - ***** Finished TC_003_LoginDDT ******
2026-06-12 15:48:31 [main] INFO  testCases.TC003_LoginDDT - ***** stating TC_003_LoginDDT ******
2026-06-12 15:48:34 [main] INFO  testCases.TC003_LoginDDT - ***** Finished TC_003_LoginDDT ******
2026-06-12 15:48:34 [main] INFO  testCases.TC003_LoginDDT - ***** stating TC_003_LoginDDT ******
2026-06-12 15:48:57 [main] INFO  testCases.TC003_LoginDDT - ***** Finished TC_003_LoginDDT ******
2026-06-12 15:48:57 [main] INFO  testCases.TC003_LoginDDT - ***** stating TC_003_LoginDDT ******
2026-06-12 15:49:00 [main] INFO  testCases.TC003_LoginDDT - ***** Finished TC_003_LoginDDT ******
2026-06-12 15:49:00 [main] INFO  testCases.TC003_LoginDDT - ***** stating TC_003_LoginDDT ******
2026-06-12 15:49:22 [main] INFO  testCases.TC003_LoginDDT - ***** Finished TC_003_LoginDDT ******
2026-06-13 11:36:22 [main] INFO  org.testng.internal.Utils - [TestNG] Running:
  C:\workspaces\seleniumworkspace\OpencartV121\grouping.xml

2026-06-13 11:36:25 [main] INFO  testCases.TC_001_AccountRegistrationTest - **** Starting AccountRegistrationTest ****
2026-06-13 11:36:25 [main] INFO  testCases.TC_001_AccountRegistrationTest - Clicked on My Account link
2026-06-13 11:36:26 [main] INFO  testCases.TC_001_AccountRegistrationTest - Clicked on Register link
2026-06-13 11:36:26 [main] INFO  testCases.TC_001_AccountRegistrationTest - Providing customer details...
2026-06-13 11:36:28 [main] INFO  testCases.TC_001_AccountRegistrationTest - Validating expected message...
2026-06-13 11:36:28 [main] INFO  testCases.TC_001_AccountRegistrationTest - ***** Finished TC001_AccountRegistrationTest  ****
2026-06-13 11:36:30 [main] INFO  testCases.TC_002_LoginTest - Starting TC_002_LoginTest
2026-06-13 11:36:32 [main] INFO  testCases.TC_002_LoginTest - Finished TC_002_LoginTest
2026-06-13 11:37:02 [main] INFO  org.testng.internal.Utils - [TestNG] Running:
  C:\workspaces\seleniumworkspace\OpencartV121\grouping.xml

2026-06-13 11:37:04 [main] INFO  testCases.TC_002_LoginTest - Starting TC_002_LoginTest
2026-06-13 11:37:07 [main] INFO  testCases.TC_002_LoginTest - Finished TC_002_LoginTest
2026-06-13 11:37:59 [main] INFO  org.testng.internal.Utils - [TestNG] Running:
  C:\workspaces\seleniumworkspace\OpencartV121\grouping.xml

2026-06-13 11:38:01 [main] INFO  testCases.TC_001_AccountRegistrationTest - **** Starting AccountRegistrationTest ****
2026-06-13 11:38:01 [main] INFO  testCases.TC_001_AccountRegistrationTest - Clicked on My Account link
2026-06-13 11:38:02 [main] INFO  testCases.TC_001_AccountRegistrationTest - Clicked on Register link
2026-06-13 11:38:02 [main] INFO  testCases.TC_001_AccountRegistrationTest - Providing customer details...
2026-06-13 11:38:04 [main] INFO  testCases.TC_001_AccountRegistrationTest - Validating expected message...
2026-06-13 11:38:05 [main] INFO  testCases.TC_001_AccountRegistrationTest - ***** Finished TC001_AccountRegistrationTest  ****
2026-06-14 13:35:08 [main] INFO  org.testng.internal.Utils - [TestNG] Running:
  C:\workspaces\seleniumworkspace\OpencartV121\grouping.xml

2026-06-14 13:35:12 [main] INFO  testCases.TC_001_AccountRegistrationTest - **** Starting AccountRegistrationTest ****
2026-06-14 13:35:13 [main] INFO  testCases.TC_001_AccountRegistrationTest - Clicked on My Account link
2026-06-14 13:35:13 [main] INFO  testCases.TC_001_AccountRegistrationTest - Clicked on Register link
2026-06-14 13:35:13 [main] INFO  testCases.TC_001_AccountRegistrationTest - Providing customer details...
2026-06-14 13:35:16 [main] INFO  testCases.TC_001_AccountRegistrationTest - Validating expected message...
2026-06-14 13:35:16 [main] INFO  testCases.TC_001_AccountRegistrationTest - ***** Finished TC001_AccountRegistrationTest  ****
2026-06-14 13:35:18 [main] INFO  testCases.TC_002_LoginTest - Starting TC_002_LoginTest
2026-06-14 13:35:20 [main] INFO  testCases.TC_002_LoginTest - Finished TC_002_LoginTest
2026-06-14 13:39:28 [main] INFO  org.testng.internal.Utils - [TestNG] Running:
  C:\workspaces\seleniumworkspace\OpencartV121\grouping.xml

2026-06-14 13:39:30 [main] INFO  testCases.TC_001_AccountRegistrationTest - **** Starting AccountRegistrationTest ****
2026-06-14 13:39:31 [main] INFO  testCases.TC_001_AccountRegistrationTest - Clicked on My Account link
2026-06-14 13:39:31 [main] INFO  testCases.TC_001_AccountRegistrationTest - Clicked on Register link
2026-06-14 13:39:31 [main] INFO  testCases.TC_001_AccountRegistrationTest - Providing customer details...
2026-06-14 13:39:34 [main] INFO  testCases.TC_001_AccountRegistrationTest - Validating expected message...
2026-06-14 13:39:34 [main] INFO  testCases.TC_001_AccountRegistrationTest - ***** Finished TC001_AccountRegistrationTest  ****
2026-06-14 13:39:36 [main] INFO  testCases.TC_002_LoginTest - Starting TC_002_LoginTest
2026-06-14 13:50:31 [main] INFO  org.testng.internal.Utils - [TestNG] Running:
  C:\workspaces\seleniumworkspace\OpencartV121\grouping.xml

2026-06-14 13:50:34 [main] INFO  testCases.TC_001_AccountRegistrationTest - **** Starting AccountRegistrationTest ****
2026-06-14 13:50:34 [main] INFO  testCases.TC_001_AccountRegistrationTest - Clicked on My Account link
2026-06-14 13:50:35 [main] INFO  testCases.TC_001_AccountRegistrationTest - Clicked on Register link
2026-06-14 13:50:35 [main] INFO  testCases.TC_001_AccountRegistrationTest - Providing customer details...
2026-06-14 13:50:37 [main] INFO  testCases.TC_001_AccountRegistrationTest - Validating expected message...
2026-06-14 13:50:38 [main] INFO  testCases.TC_001_AccountRegistrationTest - ***** Finished TC001_AccountRegistrationTest  ****
2026-06-14 13:50:40 [main] INFO  testCases.TC_002_LoginTest - Starting TC_002_LoginTest
2026-06-14 13:51:47 [main] INFO  org.testng.internal.Utils - [TestNG] Running:
  C:\workspaces\seleniumworkspace\OpencartV121\test-output\testng-failed.xml

2026-06-14 13:51:50 [main] INFO  testCases.TC_002_LoginTest - Starting TC_002_LoginTest
2026-06-14 13:51:52 [main] INFO  testCases.TC_002_LoginTest - Finished TC_002_LoginTest
2026-06-14 13:52:21 [main] INFO  org.testng.internal.Utils - [TestNG] Running:
  C:\workspaces\seleniumworkspace\OpencartV121\grouping.xml

2026-06-14 13:52:23 [main] INFO  testCases.TC_001_AccountRegistrationTest - **** Starting AccountRegistrationTest ****
2026-06-14 13:52:23 [main] INFO  testCases.TC_001_AccountRegistrationTest - Clicked on My Account link
2026-06-14 13:52:24 [main] INFO  testCases.TC_001_AccountRegistrationTest - Clicked on Register link
2026-06-14 13:52:24 [main] INFO  testCases.TC_001_AccountRegistrationTest - Providing customer details...
2026-06-14 13:52:27 [main] INFO  testCases.TC_001_AccountRegistrationTest - Validating expected message...
2026-06-14 13:52:27 [main] ERROR testCases.TC_001_AccountRegistrationTest - Test failed..
2026-06-14 13:52:29 [main] INFO  testCases.TC_002_LoginTest - Starting TC_002_LoginTest
2026-06-14 13:52:31 [main] INFO  testCases.TC_002_LoginTest - Finished TC_002_LoginTest
2026-06-14 13:53:10 [main] INFO  org.testng.internal.Utils - [TestNG] Running:
  C:\workspaces\seleniumworkspace\OpencartV121\test-output\testng-failed.xml

2026-06-14 13:53:12 [main] INFO  testCases.TC_001_AccountRegistrationTest - **** Starting AccountRegistrationTest ****
2026-06-14 13:53:12 [main] INFO  testCases.TC_001_AccountRegistrationTest - Clicked on My Account link
2026-06-14 13:53:13 [main] INFO  testCases.TC_001_AccountRegistrationTest - Clicked on Register link
2026-06-14 13:53:13 [main] INFO  testCases.TC_001_AccountRegistrationTest - Providing customer details...
2026-06-14 13:53:15 [main] INFO  testCases.TC_001_AccountRegistrationTest - Validating expected message...
2026-06-14 13:53:15 [main] INFO  testCases.TC_001_AccountRegistrationTest - ***** Finished TC001_AccountRegistrationTest  ****
2026-06-14 13:53:30 [main] INFO  org.testng.internal.Utils - [TestNG] Running:
  C:\workspaces\seleniumworkspace\OpencartV121\grouping.xml

2026-06-14 13:53:32 [main] INFO  testCases.TC_001_AccountRegistrationTest - **** Starting AccountRegistrationTest ****
2026-06-14 13:53:33 [main] INFO  testCases.TC_001_AccountRegistrationTest - Clicked on My Account link
2026-06-14 13:53:33 [main] INFO  testCases.TC_001_AccountRegistrationTest - Clicked on Register link
2026-06-14 13:53:33 [main] INFO  testCases.TC_001_AccountRegistrationTest - Providing customer details...
2026-06-14 13:53:36 [main] INFO  testCases.TC_001_AccountRegistrationTest - Validating expected message...
2026-06-14 13:53:37 [main] INFO  testCases.TC_001_AccountRegistrationTest - ***** Finished TC001_AccountRegistrationTest  ****
2026-06-14 13:53:39 [main] INFO  testCases.TC_002_LoginTest - Starting TC_002_LoginTest
2026-06-14 13:53:41 [main] INFO  testCases.TC_002_LoginTest - Finished TC_002_LoginTest
2026-06-15 11:06:11 [main] INFO  org.testng.internal.Utils - [TestNG] Running:
  C:\workspaces\seleniumworkspace\OpencartV121\master.xml

2026-06-15 11:06:17 [main] INFO  testCases.TC_001_AccountRegistrationTest - **** Starting AccountRegistrationTest ****
2026-06-15 11:06:17 [main] INFO  testCases.TC_001_AccountRegistrationTest - Clicked on My Account link
2026-06-15 11:06:18 [main] INFO  testCases.TC_001_AccountRegistrationTest - Clicked on Register link
2026-06-15 11:06:18 [main] INFO  testCases.TC_001_AccountRegistrationTest - Providing customer details...
2026-06-15 11:06:21 [main] INFO  testCases.TC_001_AccountRegistrationTest - Validating expected message...
2026-06-15 11:06:22 [main] INFO  testCases.TC_001_AccountRegistrationTest - ***** Finished TC001_AccountRegistrationTest  ****
2026-06-15 11:06:25 [main] INFO  testCases.TC_002_LoginTest - Starting TC_002_LoginTest
2026-06-15 11:06:27 [main] INFO  testCases.TC_002_LoginTest - Finished TC_002_LoginTest
2026-06-15 11:08:25 [main] INFO  org.testng.internal.Utils - [TestNG] Running:
  C:\workspaces\seleniumworkspace\OpencartV121\master.xml

2026-06-15 11:08:32 [main] INFO  testCases.TC_001_AccountRegistrationTest - **** Starting AccountRegistrationTest ****
2026-06-15 11:08:32 [main] INFO  testCases.TC_001_AccountRegistrationTest - Clicked on My Account link
2026-06-15 11:08:33 [main] INFO  testCases.TC_001_AccountRegistrationTest - Clicked on Register link
2026-06-15 11:08:33 [main] INFO  testCases.TC_001_AccountRegistrationTest - Providing customer details...
2026-06-15 11:08:36 [main] INFO  testCases.TC_001_AccountRegistrationTest - Validating expected message...
2026-06-15 11:08:36 [main] INFO  testCases.TC_001_AccountRegistrationTest - ***** Finished TC001_AccountRegistrationTest  ****
2026-06-15 11:08:39 [main] INFO  testCases.TC_002_LoginTest - Starting TC_002_LoginTest
2026-06-15 11:08:42 [main] INFO  testCases.TC_002_LoginTest - Finished TC_002_LoginTest
2026-06-15 11:34:32 [main] INFO  org.testng.internal.Utils - [TestNG] Running:
  C:\workspaces\seleniumworkspace\OpencartV121\master.xml

2026-06-15 11:34:36 [main] INFO  testCases.TC_001_AccountRegistrationTest - **** Starting AccountRegistrationTest ****
2026-06-15 11:34:37 [main] INFO  testCases.TC_001_AccountRegistrationTest - Clicked on My Account link
2026-06-15 11:34:38 [main] INFO  testCases.TC_001_AccountRegistrationTest - Clicked on Register link
2026-06-15 11:34:38 [main] INFO  testCases.TC_001_AccountRegistrationTest - Providing customer details...
2026-06-15 11:34:41 [main] INFO  testCases.TC_001_AccountRegistrationTest - Validating expected message...
2026-06-15 11:34:41 [main] INFO  testCases.TC_001_AccountRegistrationTest - ***** Finished TC001_AccountRegistrationTest  ****
2026-06-15 11:34:43 [main] INFO  testCases.TC_002_LoginTest - Starting TC_002_LoginTest
2026-06-15 11:34:46 [main] INFO  testCases.TC_002_LoginTest - Finished TC_002_LoginTest
2026-06-15 11:38:21 [main] INFO  org.testng.internal.Utils - [TestNG] Running:
  C:\workspaces\seleniumworkspace\OpencartV121\crossbrowsertesting.xml

2026-06-15 11:38:27 [TestNG-tests-1] INFO  testCases.TC_001_AccountRegistrationTest - **** Starting AccountRegistrationTest ****
2026-06-15 11:38:27 [TestNG-tests-1] INFO  testCases.TC_001_AccountRegistrationTest - Clicked on My Account link
2026-06-15 11:38:29 [TestNG-tests-1] INFO  testCases.TC_001_AccountRegistrationTest - Clicked on Register link
2026-06-15 11:38:30 [TestNG-tests-1] INFO  testCases.TC_001_AccountRegistrationTest - Providing customer details...
2026-06-15 11:38:36 [TestNG-tests-2] INFO  testCases.TC_001_AccountRegistrationTest - **** Starting AccountRegistrationTest ****
2026-06-15 11:38:36 [TestNG-tests-2] INFO  testCases.TC_001_AccountRegistrationTest - Clicked on My Account link
2026-06-15 11:38:38 [TestNG-tests-1] INFO  testCases.TC_001_AccountRegistrationTest - Validating expected message...
2026-06-15 11:38:38 [TestNG-tests-2] INFO  testCases.TC_001_AccountRegistrationTest - Clicked on Register link
2026-06-15 11:38:38 [TestNG-tests-2] INFO  testCases.TC_001_AccountRegistrationTest - Providing customer details...
2026-06-15 11:38:38 [TestNG-tests-1] INFO  testCases.TC_001_AccountRegistrationTest - ***** Finished TC001_AccountRegistrationTest  ****
2026-06-15 11:39:31 [main] INFO  org.testng.internal.Utils - [TestNG] Running:
  C:\workspaces\seleniumworkspace\OpencartV121\crossbrowsertesting.xml

2026-06-15 11:39:37 [TestNG-tests-2] INFO  testCases.TC_001_AccountRegistrationTest - **** Starting AccountRegistrationTest ****
2026-06-15 11:39:37 [TestNG-tests-1] INFO  testCases.TC_001_AccountRegistrationTest - **** Starting AccountRegistrationTest ****
2026-06-15 11:39:38 [TestNG-tests-1] INFO  testCases.TC_001_AccountRegistrationTest - Clicked on My Account link
2026-06-15 11:39:38 [TestNG-tests-2] INFO  testCases.TC_001_AccountRegistrationTest - Clicked on My Account link
2026-06-15 11:40:28 [main] INFO  org.testng.internal.Utils - [TestNG] Running:
  C:\workspaces\seleniumworkspace\OpencartV121\master.xml

2026-06-15 11:40:32 [main] INFO  testCases.TC_001_AccountRegistrationTest - **** Starting AccountRegistrationTest ****
2026-06-15 11:40:33 [main] INFO  testCases.TC_001_AccountRegistrationTest - Clicked on My Account link
2026-06-15 11:40:34 [main] INFO  testCases.TC_001_AccountRegistrationTest - Clicked on Register link
2026-06-15 11:40:34 [main] INFO  testCases.TC_001_AccountRegistrationTest - Providing customer details...
2026-06-15 11:40:38 [main] INFO  testCases.TC_001_AccountRegistrationTest - Validating expected message...
2026-06-15 11:40:38 [main] INFO  testCases.TC_001_AccountRegistrationTest - ***** Finished TC001_AccountRegistrationTest  ****
2026-06-15 11:40:40 [main] INFO  testCases.TC_002_LoginTest - Starting TC_002_LoginTest
2026-06-15 11:40:43 [main] INFO  testCases.TC_002_LoginTest - Finished TC_002_LoginTest
2026-06-15 11:42:34 [main] INFO  org.testng.internal.Utils - [TestNG] Running:
  C:\workspaces\seleniumworkspace\OpencartV121\crossbrowsertesting.xml

2026-06-15 11:42:41 [TestNG-tests-2] INFO  testCases.TC_001_AccountRegistrationTest - **** Starting AccountRegistrationTest ****
2026-06-15 11:42:41 [TestNG-tests-1] INFO  testCases.TC_001_AccountRegistrationTest - **** Starting AccountRegistrationTest ****
2026-06-15 11:42:41 [TestNG-tests-2] INFO  testCases.TC_001_AccountRegistrationTest - Clicked on My Account link
2026-06-15 11:42:41 [TestNG-tests-1] INFO  testCases.TC_001_AccountRegistrationTest - Clicked on My Account link
2026-06-15 11:44:37 [main] INFO  org.testng.internal.Utils - [TestNG] Running:
  C:\workspaces\seleniumworkspace\OpencartV121\crossbrowsertesting.xml

2026-06-15 11:44:43 [TestNG-tests-2] INFO  testCases.TC_001_AccountRegistrationTest - **** Starting AccountRegistrationTest ****
2026-06-15 11:44:43 [TestNG-tests-1] INFO  testCases.TC_001_AccountRegistrationTest - **** Starting AccountRegistrationTest ****
2026-06-15 11:44:44 [TestNG-tests-1] INFO  testCases.TC_001_AccountRegistrationTest - Clicked on My Account link
2026-06-15 11:44:45 [TestNG-tests-2] INFO  testCases.TC_001_AccountRegistrationTest - Clicked on My Account link
2026-06-15 11:48:26 [main] INFO  org.testng.internal.Utils - [TestNG] Running:
  C:\workspaces\seleniumworkspace\OpencartV121\master.xml

2026-06-15 11:48:29 [main] INFO  testCases.TC_001_AccountRegistrationTest - **** Starting AccountRegistrationTest ****
2026-06-15 11:48:29 [main] INFO  testCases.TC_001_AccountRegistrationTest - Clicked on My Account link
2026-06-15 11:48:30 [main] INFO  testCases.TC_001_AccountRegistrationTest - Clicked on Register link
2026-06-15 11:48:30 [main] INFO  testCases.TC_001_AccountRegistrationTest - Providing customer details...
2026-06-15 11:48:32 [main] INFO  testCases.TC_001_AccountRegistrationTest - Validating expected message...
2026-06-15 11:48:32 [main] INFO  testCases.TC_001_AccountRegistrationTest - ***** Finished TC001_AccountRegistrationTest  ****
2026-06-15 11:48:35 [main] INFO  testCases.TC_002_LoginTest - Starting TC_002_LoginTest
2026-06-15 11:48:37 [main] INFO  testCases.TC_002_LoginTest - Finished TC_002_LoginTest
2026-06-15 11:49:33 [main] INFO  org.testng.internal.Utils - [TestNG] Running:
  C:\workspaces\seleniumworkspace\OpencartV121\master.xml

2026-06-15 11:49:36 [main] INFO  testCases.TC_001_AccountRegistrationTest - **** Starting AccountRegistrationTest ****
2026-06-15 11:49:36 [main] INFO  testCases.TC_001_AccountRegistrationTest - Clicked on My Account link
2026-06-15 11:49:37 [main] INFO  testCases.TC_001_AccountRegistrationTest - Clicked on Register link
2026-06-15 11:49:37 [main] INFO  testCases.TC_001_AccountRegistrationTest - Providing customer details...
2026-06-15 11:49:41 [main] INFO  testCases.TC_001_AccountRegistrationTest - Validating expected message...
2026-06-15 11:49:41 [main] INFO  testCases.TC_001_AccountRegistrationTest - ***** Finished TC001_AccountRegistrationTest  ****
2026-06-15 11:49:44 [main] INFO  testCases.TC_002_LoginTest - Starting TC_002_LoginTest
2026-06-15 11:49:46 [main] INFO  testCases.TC_002_LoginTest - Finished TC_002_LoginTest
2026-06-15 11:52:49 [main] INFO  org.testng.internal.Utils - [TestNG] Running:
  C:\workspaces\seleniumworkspace\OpencartV121\crossbrowsertesting.xml

2026-06-15 11:57:05 [main] INFO  org.testng.internal.Utils - [TestNG] Running:
  C:\workspaces\seleniumworkspace\OpencartV121\crossbrowsertesting.xml

2026-06-15 11:57:14 [TestNG-tests-1] INFO  testCases.TC_001_AccountRegistrationTest - **** Starting AccountRegistrationTest ****
2026-06-15 11:57:14 [TestNG-tests-2] INFO  testCases.TC_001_AccountRegistrationTest - **** Starting AccountRegistrationTest ****
2026-06-15 11:57:15 [TestNG-tests-2] INFO  testCases.TC_001_AccountRegistrationTest - Clicked on My Account link
2026-06-15 11:57:15 [TestNG-tests-1] INFO  testCases.TC_001_AccountRegistrationTest - Clicked on My Account link
2026-06-15 11:58:45 [main] INFO  org.testng.internal.Utils - [TestNG] Running:
  C:\workspaces\seleniumworkspace\OpencartV121\crossbrowsertesting.xml

2026-06-15 11:58:48 [TestNG-tests-1] INFO  testCases.TC_001_AccountRegistrationTest - **** Starting AccountRegistrationTest ****
2026-06-15 11:58:48 [TestNG-tests-2] INFO  testCases.TC_001_AccountRegistrationTest - **** Starting AccountRegistrationTest ****
2026-06-15 11:58:49 [TestNG-tests-2] INFO  testCases.TC_001_AccountRegistrationTest - Clicked on My Account link
2026-06-15 11:58:49 [TestNG-tests-1] INFO  testCases.TC_001_AccountRegistrationTest - Clicked on My Account link
2026-06-15 12:04:51 [main] INFO  org.testng.internal.Utils - [TestNG] Running:
  C:\workspaces\seleniumworkspace\OpencartV121\crossbrowsertesting.xml

2026-06-15 12:04:57 [TestNG-tests-1] INFO  testCases.TC_001_AccountRegistrationTest - **** Starting AccountRegistrationTest ****
2026-06-15 12:04:57 [TestNG-tests-2] INFO  testCases.TC_001_AccountRegistrationTest - **** Starting AccountRegistrationTest ****
2026-06-15 12:04:58 [TestNG-tests-2] INFO  testCases.TC_001_AccountRegistrationTest - Clicked on My Account link
2026-06-15 12:04:59 [TestNG-tests-1] INFO  testCases.TC_001_AccountRegistrationTest - Clicked on My Account link
2026-06-15 12:05:19 [TestNG-tests-2] ERROR testCases.TC_001_AccountRegistrationTest - Test failed: 
org.openqa.selenium.NoSuchElementException: no such element: Unable to locate element: {"method":"link text","selector":"Register"}
  (Session info: MicrosoftEdge=149.0.4022.69)
For documentation on this error, please visit: https://www.selenium.dev/documentation/webdriver/troubleshooting/errors#nosuchelementexception
Build info: version: '4.44.0', revision: 'da2039b'
System info: os.name: 'Windows 11', os.arch: 'amd64', os.version: '10.0', java.version: '21.0.9'
Driver info: org.openqa.selenium.remote.RemoteWebDriver
Command: [32c37ff32ade186584e19157fd5987da, findElement {value=Register, using=link text}]
Capabilities {acceptInsecureCerts: false, browserName: MicrosoftEdge, browserVersion: 149.0.4022.69, fedcm:accounts: true, goog:processID: 19048, ms:edgeOptions: {debuggerAddress: localhost:60411}, msedge: {msedgedriverVersion: 149.0.4022.69 (6c7df6d8a61d..., userDataDir: C:\Users\kulka\AppData\Loca...}, networkConnectionEnabled: false, pageLoadStrategy: normal, platformName: Windows 11, proxy: Proxy(), se:bidiEnabled: false, se:cdp: ws://192.168.1.4:4444/sessi..., se:cdpVersion: 149.0.4022.69, setWindowRect: true, strictFileInteractability: false, timeouts: {implicit: 0, pageLoad: 300000, script: 30000}, unhandledPromptBehavior: dismiss and notify, webauthn:extension:credBlob: true, webauthn:extension:largeBlob: true, webauthn:extension:minPinLength: true, webauthn:extension:prf: true, webauthn:virtualAuthenticators: true}
Session ID: 32c37ff32ade186584e19157fd5987da
	at org.openqa.selenium.remote.ErrorCodec.decode(ErrorCodec.java:169)
	at org.openqa.selenium.remote.codec.w3c.W3CHttpResponseCodec.decode(W3CHttpResponseCodec.java:143)
	at org.openqa.selenium.remote.codec.w3c.W3CHttpResponseCodec.decode(W3CHttpResponseCodec.java:50)
	at org.openqa.selenium.remote.HttpCommandExecutor.execute(HttpCommandExecutor.java:224)
	at org.openqa.selenium.remote.TracedCommandExecutor.execute(TracedCommandExecutor.java:53)
	at org.openqa.selenium.remote.RemoteWebDriver.execute(RemoteWebDriver.java:600)
	at org.openqa.selenium.remote.ElementLocation$ElementFinder$2.findElement(ElementLocation.java:173)
	at org.openqa.selenium.remote.ElementLocation.findElement(ElementLocation.java:60)
	at org.openqa.selenium.remote.RemoteWebDriver.findElement(RemoteWebDriver.java:421)
	at org.openqa.selenium.remote.RemoteWebDriver.findElement(RemoteWebDriver.java:415)
	at org.openqa.selenium.support.pagefactory.DefaultElementLocator.findElement(DefaultElementLocator.java:69)
	at org.openqa.selenium.support.pagefactory.internal.LocatingElementHandler.invoke(LocatingElementHandler.java:38)
	at jdk.proxy2/jdk.proxy2.$Proxy31.click(Unknown Source)
	at pageObjects.HomePage.clickRegister(HomePage.java:30)
	at testCases.TC_001_AccountRegistrationTest.verify_account_registration(TC_001_AccountRegistrationTest.java:26)
	at java.base/jdk.internal.reflect.DirectMethodHandleAccessor.invoke(DirectMethodHandleAccessor.java:103)
	at java.base/java.lang.reflect.Method.invoke(Method.java:580)
	at org.testng.internal.invokers.MethodInvocationHelper.invokeMethod(MethodInvocationHelper.java:141)
	at org.testng.internal.invokers.TestInvoker.invokeMethod(TestInvoker.java:697)
	at org.testng.internal.invokers.TestInvoker.invokeTestMethod(TestInvoker.java:230)
	at org.testng.internal.invokers.MethodRunner.runInSequence(MethodRunner.java:63)
	at org.testng.internal.invokers.TestInvoker$MethodInvocationAgent.invoke(TestInvoker.java:1005)
	at org.testng.internal.invokers.TestInvoker.invokeTestMethods(TestInvoker.java:203)
	at org.testng.internal.invokers.TestMethodWorker.invokeTestMethods(TestMethodWorker.java:154)
	at org.testng.internal.invokers.TestMethodWorker.run(TestMethodWorker.java:134)
	at java.base/java.util.ArrayList.forEach(ArrayList.java:1596)
	at org.testng.TestRunner.privateRun(TestRunner.java:744)
	at org.testng.TestRunner.run(TestRunner.java:616)
	at org.testng.SuiteRunner.runTest(SuiteRunner.java:421)
	at org.testng.SuiteRunner$SuiteWorker.run(SuiteRunner.java:463)
	at org.testng.internal.thread.ThreadUtil.lambda$execute$0(ThreadUtil.java:64)
	at java.base/java.util.concurrent.FutureTask.run(FutureTask.java:317)
	at java.base/java.util.concurrent.ThreadPoolExecutor.runWorker(ThreadPoolExecutor.java:1144)
	at java.base/java.util.concurrent.ThreadPoolExecutor$Worker.run(ThreadPoolExecutor.java:642)
	at java.base/java.lang.Thread.run(Thread.java:1583)
2026-06-15 12:05:39 [TestNG-tests-1] ERROR testCases.TC_001_AccountRegistrationTest - Test failed: 
org.openqa.selenium.NoSuchElementException: no such element: Unable to locate element: {"method":"link text","selector":"Register"}
  (Session info: MicrosoftEdge=149.0.4022.69)
For documentation on this error, please visit: https://www.selenium.dev/documentation/webdriver/troubleshooting/errors#nosuchelementexception
Build info: version: '4.44.0', revision: 'da2039b'
System info: os.name: 'Windows 11', os.arch: 'amd64', os.version: '10.0', java.version: '21.0.9'
Driver info: org.openqa.selenium.remote.RemoteWebDriver
Command: [32c37ff32ade186584e19157fd5987da, findElement {value=Register, using=link text}]
Capabilities {acceptInsecureCerts: false, browserName: MicrosoftEdge, browserVersion: 149.0.4022.69, fedcm:accounts: true, goog:processID: 19048, ms:edgeOptions: {debuggerAddress: localhost:60411}, msedge: {msedgedriverVersion: 149.0.4022.69 (6c7df6d8a61d..., userDataDir: C:\Users\kulka\AppData\Loca...}, networkConnectionEnabled: false, pageLoadStrategy: normal, platformName: Windows 11, proxy: Proxy(), se:bidiEnabled: false, se:cdp: ws://192.168.1.4:4444/sessi..., se:cdpVersion: 149.0.4022.69, setWindowRect: true, strictFileInteractability: false, timeouts: {implicit: 0, pageLoad: 300000, script: 30000}, unhandledPromptBehavior: dismiss and notify, webauthn:extension:credBlob: true, webauthn:extension:largeBlob: true, webauthn:extension:minPinLength: true, webauthn:extension:prf: true, webauthn:virtualAuthenticators: true}
Session ID: 32c37ff32ade186584e19157fd5987da
	at org.openqa.selenium.remote.ErrorCodec.decode(ErrorCodec.java:169)
	at org.openqa.selenium.remote.codec.w3c.W3CHttpResponseCodec.decode(W3CHttpResponseCodec.java:143)
	at org.openqa.selenium.remote.codec.w3c.W3CHttpResponseCodec.decode(W3CHttpResponseCodec.java:50)
	at org.openqa.selenium.remote.HttpCommandExecutor.execute(HttpCommandExecutor.java:224)
	at org.openqa.selenium.remote.TracedCommandExecutor.execute(TracedCommandExecutor.java:53)
	at org.openqa.selenium.remote.RemoteWebDriver.execute(RemoteWebDriver.java:600)
	at org.openqa.selenium.remote.ElementLocation$ElementFinder$2.findElement(ElementLocation.java:173)
	at org.openqa.selenium.remote.ElementLocation.findElement(ElementLocation.java:60)
	at org.openqa.selenium.remote.RemoteWebDriver.findElement(RemoteWebDriver.java:421)
	at org.openqa.selenium.remote.RemoteWebDriver.findElement(RemoteWebDriver.java:415)
	at org.openqa.selenium.support.pagefactory.DefaultElementLocator.findElement(DefaultElementLocator.java:69)
	at org.openqa.selenium.support.pagefactory.internal.LocatingElementHandler.invoke(LocatingElementHandler.java:38)
	at jdk.proxy2/jdk.proxy2.$Proxy31.click(Unknown Source)
	at pageObjects.HomePage.clickRegister(HomePage.java:30)
	at testCases.TC_001_AccountRegistrationTest.verify_account_registration(TC_001_AccountRegistrationTest.java:26)
	at java.base/jdk.internal.reflect.DirectMethodHandleAccessor.invoke(DirectMethodHandleAccessor.java:103)
	at java.base/java.lang.reflect.Method.invoke(Method.java:580)
	at org.testng.internal.invokers.MethodInvocationHelper.invokeMethod(MethodInvocationHelper.java:141)
	at org.testng.internal.invokers.TestInvoker.invokeMethod(TestInvoker.java:697)
	at org.testng.internal.invokers.TestInvoker.invokeTestMethod(TestInvoker.java:230)
	at org.testng.internal.invokers.MethodRunner.runInSequence(MethodRunner.java:63)
	at org.testng.internal.invokers.TestInvoker$MethodInvocationAgent.invoke(TestInvoker.java:1005)
	at org.testng.internal.invokers.TestInvoker.invokeTestMethods(TestInvoker.java:203)
	at org.testng.internal.invokers.TestMethodWorker.invokeTestMethods(TestMethodWorker.java:154)
	at org.testng.internal.invokers.TestMethodWorker.run(TestMethodWorker.java:134)
	at java.base/java.util.ArrayList.forEach(ArrayList.java:1596)
	at org.testng.TestRunner.privateRun(TestRunner.java:744)
	at org.testng.TestRunner.run(TestRunner.java:616)
	at org.testng.SuiteRunner.runTest(SuiteRunner.java:421)
	at org.testng.SuiteRunner$SuiteWorker.run(SuiteRunner.java:463)
	at org.testng.internal.thread.ThreadUtil.lambda$execute$0(ThreadUtil.java:64)
	at java.base/java.util.concurrent.FutureTask.run(FutureTask.java:317)
	at java.base/java.util.concurrent.ThreadPoolExecutor.runWorker(ThreadPoolExecutor.java:1144)
	at java.base/java.util.concurrent.ThreadPoolExecutor$Worker.run(ThreadPoolExecutor.java:642)
	at java.base/java.lang.Thread.run(Thread.java:1583)
2026-06-15 12:19:43 [main] INFO  org.testng.internal.Utils - [TestNG] Running:
  C:\workspaces\seleniumworkspace\OpencartV121\crossbrowsertesting.xml

2026-06-15 12:19:47 [main] INFO  testCases.TC_001_AccountRegistrationTest - **** Starting AccountRegistrationTest ****
2026-06-15 12:19:47 [main] INFO  testCases.TC_001_AccountRegistrationTest - Clicked on My Account link
2026-06-15 12:19:48 [main] INFO  testCases.TC_001_AccountRegistrationTest - Clicked on Register link
2026-06-15 12:19:48 [main] INFO  testCases.TC_001_AccountRegistrationTest - Providing customer details...
2026-06-15 12:19:51 [main] INFO  testCases.TC_001_AccountRegistrationTest - Validating expected message...
2026-06-15 12:19:51 [main] INFO  testCases.TC_001_AccountRegistrationTest - ***** Finished TC001_AccountRegistrationTest  ****
2026-06-15 12:19:55 [main] INFO  testCases.TC_001_AccountRegistrationTest - **** Starting AccountRegistrationTest ****
2026-06-15 12:19:55 [main] INFO  testCases.TC_001_AccountRegistrationTest - Clicked on My Account link
2026-06-15 12:19:56 [main] INFO  testCases.TC_001_AccountRegistrationTest - Clicked on Register link
2026-06-15 12:19:56 [main] INFO  testCases.TC_001_AccountRegistrationTest - Providing customer details...
2026-06-15 12:19:59 [main] INFO  testCases.TC_001_AccountRegistrationTest - Validating expected message...
2026-06-15 12:19:59 [main] INFO  testCases.TC_001_AccountRegistrationTest - ***** Finished TC001_AccountRegistrationTest  ****
2026-06-15 12:22:24 [main] INFO  org.testng.internal.Utils - [TestNG] Running:
  C:\workspaces\seleniumworkspace\OpencartV121\crossbrowsertesting.xml

2026-06-15 12:22:28 [TestNG-tests-2] INFO  testCases.TC_001_AccountRegistrationTest - **** Starting AccountRegistrationTest ****
2026-06-15 12:22:28 [TestNG-tests-2] INFO  testCases.TC_001_AccountRegistrationTest - Clicked on My Account link
2026-06-15 12:22:29 [TestNG-tests-2] INFO  testCases.TC_001_AccountRegistrationTest - Clicked on Register link
2026-06-15 12:22:29 [TestNG-tests-2] INFO  testCases.TC_001_AccountRegistrationTest - Providing customer details...
2026-06-15 12:22:31 [TestNG-tests-1] INFO  testCases.TC_001_AccountRegistrationTest - **** Starting AccountRegistrationTest ****
2026-06-15 12:22:33 [TestNG-tests-1] INFO  testCases.TC_001_AccountRegistrationTest - Clicked on My Account link
2026-06-15 12:22:35 [TestNG-tests-1] INFO  testCases.TC_001_AccountRegistrationTest - Clicked on Register link
2026-06-15 12:22:35 [TestNG-tests-1] INFO  testCases.TC_001_AccountRegistrationTest - Providing customer details...
2026-06-15 12:22:39 [TestNG-tests-2] INFO  testCases.TC_001_AccountRegistrationTest - Validating expected message...
2026-06-15 12:22:40 [TestNG-tests-2] INFO  testCases.TC_001_AccountRegistrationTest - ***** Finished TC001_AccountRegistrationTest  ****
2026-06-15 12:22:41 [TestNG-tests-1] INFO  testCases.TC_001_AccountRegistrationTest - Validating expected message...
2026-06-15 12:22:41 [TestNG-tests-1] INFO  testCases.TC_001_AccountRegistrationTest - ***** Finished TC001_AccountRegistrationTest  ****
2026-06-15 12:23:46 [main] INFO  org.testng.internal.Utils - [TestNG] Running:
  C:\workspaces\seleniumworkspace\OpencartV121\crossbrowsertesting.xml

2026-06-15 12:23:49 [TestNG-tests-1] INFO  testCases.TC_001_AccountRegistrationTest - **** Starting AccountRegistrationTest ****
2026-06-15 12:23:49 [TestNG-tests-2] INFO  testCases.TC_001_AccountRegistrationTest - **** Starting AccountRegistrationTest ****
2026-06-15 12:23:50 [TestNG-tests-1] INFO  testCases.TC_001_AccountRegistrationTest - Clicked on My Account link
2026-06-15 12:23:50 [TestNG-tests-2] INFO  testCases.TC_001_AccountRegistrationTest - Clicked on My Account link
2026-06-15 12:23:51 [TestNG-tests-1] INFO  testCases.TC_001_AccountRegistrationTest - Clicked on Register link
2026-06-15 12:23:51 [TestNG-tests-1] INFO  testCases.TC_001_AccountRegistrationTest - Providing customer details...
2026-06-15 12:23:51 [TestNG-tests-2] INFO  testCases.TC_001_AccountRegistrationTest - Clicked on Register link
2026-06-15 12:23:51 [TestNG-tests-2] INFO  testCases.TC_001_AccountRegistrationTest - Providing customer details...
2026-06-15 12:23:57 [TestNG-tests-2] INFO  testCases.TC_001_AccountRegistrationTest - Validating expected message...
2026-06-15 12:23:57 [TestNG-tests-1] INFO  testCases.TC_001_AccountRegistrationTest - Validating expected message...
2026-06-15 12:23:57 [TestNG-tests-2] INFO  testCases.TC_001_AccountRegistrationTest - ***** Finished TC001_AccountRegistrationTest  ****
2026-06-15 12:23:57 [TestNG-tests-1] INFO  testCases.TC_001_AccountRegistrationTest - ***** Finished TC001_AccountRegistrationTest  ****
2026-06-15 12:24:23 [main] INFO  org.testng.internal.Utils - [TestNG] Running:
  C:\workspaces\seleniumworkspace\OpencartV121\crossbrowsertesting.xml

2026-06-15 12:24:27 [TestNG-tests-2] INFO  testCases.TC_001_AccountRegistrationTest - **** Starting AccountRegistrationTest ****
2026-06-15 12:24:27 [TestNG-tests-1] INFO  testCases.TC_001_AccountRegistrationTest - **** Starting AccountRegistrationTest ****
2026-06-15 12:24:27 [TestNG-tests-2] INFO  testCases.TC_001_AccountRegistrationTest - Clicked on My Account link
2026-06-15 12:24:28 [TestNG-tests-1] INFO  testCases.TC_001_AccountRegistrationTest - Clicked on My Account link
2026-06-15 12:24:48 [TestNG-tests-2] ERROR testCases.TC_001_AccountRegistrationTest - Test failed: 
org.openqa.selenium.NoSuchElementException: no such element: Unable to locate element: {"method":"link text","selector":"Register"}
  (Session info: MicrosoftEdge=149.0.4022.69)
For documentation on this error, please visit: https://www.selenium.dev/documentation/webdriver/troubleshooting/errors#nosuchelementexception
Build info: version: '4.44.0', revision: 'da2039b'
System info: os.name: 'Windows 11', os.arch: 'amd64', os.version: '10.0', java.version: '21.0.9'
Driver info: org.openqa.selenium.edge.EdgeDriver
Command: [d5701e8c64b7a58add2d1a7022f9297f, findElement {using=link text, value=Register}]
Capabilities {acceptInsecureCerts: false, browserName: MicrosoftEdge, browserVersion: 149.0.4022.69, fedcm:accounts: true, goog:processID: 8960, ms:edgeOptions: {debuggerAddress: localhost:49677}, msedge: {msedgedriverVersion: 149.0.4022.69 (6c7df6d8a61d..., userDataDir: C:\Users\kulka\AppData\Loca...}, networkConnectionEnabled: false, pageLoadStrategy: normal, platformName: windows, proxy: Proxy(), se:cdp: ws://localhost:49677/devtoo..., se:cdpVersion: 149.0.4022.69, setWindowRect: true, strictFileInteractability: false, timeouts: {implicit: 0, pageLoad: 300000, script: 30000}, unhandledPromptBehavior: dismiss and notify, webauthn:extension:credBlob: true, webauthn:extension:largeBlob: true, webauthn:extension:minPinLength: true, webauthn:extension:prf: true, webauthn:virtualAuthenticators: true}
Session ID: d5701e8c64b7a58add2d1a7022f9297f
	at org.openqa.selenium.remote.ErrorCodec.decode(ErrorCodec.java:169)
	at org.openqa.selenium.remote.codec.w3c.W3CHttpResponseCodec.decode(W3CHttpResponseCodec.java:143)
	at org.openqa.selenium.remote.codec.w3c.W3CHttpResponseCodec.decode(W3CHttpResponseCodec.java:50)
	at org.openqa.selenium.remote.HttpCommandExecutor.execute(HttpCommandExecutor.java:224)
	at org.openqa.selenium.remote.service.DriverCommandExecutor.invokeExecute(DriverCommandExecutor.java:217)
	at org.openqa.selenium.remote.service.DriverCommandExecutor.execute(DriverCommandExecutor.java:175)
	at org.openqa.selenium.remote.RemoteWebDriver.execute(RemoteWebDriver.java:600)
	at org.openqa.selenium.remote.ElementLocation$ElementFinder$2.findElement(ElementLocation.java:173)
	at org.openqa.selenium.remote.ElementLocation.findElement(ElementLocation.java:60)
	at org.openqa.selenium.remote.RemoteWebDriver.findElement(RemoteWebDriver.java:421)
	at org.openqa.selenium.remote.RemoteWebDriver.findElement(RemoteWebDriver.java:415)
	at org.openqa.selenium.support.pagefactory.DefaultElementLocator.findElement(DefaultElementLocator.java:69)
	at org.openqa.selenium.support.pagefactory.internal.LocatingElementHandler.invoke(LocatingElementHandler.java:38)
	at jdk.proxy2/jdk.proxy2.$Proxy31.click(Unknown Source)
	at pageObjects.HomePage.clickRegister(HomePage.java:30)
	at testCases.TC_001_AccountRegistrationTest.verify_account_registration(TC_001_AccountRegistrationTest.java:26)
	at java.base/jdk.internal.reflect.DirectMethodHandleAccessor.invoke(DirectMethodHandleAccessor.java:103)
	at java.base/java.lang.reflect.Method.invoke(Method.java:580)
	at org.testng.internal.invokers.MethodInvocationHelper.invokeMethod(MethodInvocationHelper.java:141)
	at org.testng.internal.invokers.TestInvoker.invokeMethod(TestInvoker.java:697)
	at org.testng.internal.invokers.TestInvoker.invokeTestMethod(TestInvoker.java:230)
	at org.testng.internal.invokers.MethodRunner.runInSequence(MethodRunner.java:63)
	at org.testng.internal.invokers.TestInvoker$MethodInvocationAgent.invoke(TestInvoker.java:1005)
	at org.testng.internal.invokers.TestInvoker.invokeTestMethods(TestInvoker.java:203)
	at org.testng.internal.invokers.TestMethodWorker.invokeTestMethods(TestMethodWorker.java:154)
	at org.testng.internal.invokers.TestMethodWorker.run(TestMethodWorker.java:134)
	at java.base/java.util.ArrayList.forEach(ArrayList.java:1596)
	at org.testng.TestRunner.privateRun(TestRunner.java:744)
	at org.testng.TestRunner.run(TestRunner.java:616)
	at org.testng.SuiteRunner.runTest(SuiteRunner.java:421)
	at org.testng.SuiteRunner$SuiteWorker.run(SuiteRunner.java:463)
	at org.testng.internal.thread.ThreadUtil.lambda$execute$0(ThreadUtil.java:64)
	at java.base/java.util.concurrent.FutureTask.run(FutureTask.java:317)
	at java.base/java.util.concurrent.ThreadPoolExecutor.runWorker(ThreadPoolExecutor.java:1144)
	at java.base/java.util.concurrent.ThreadPoolExecutor$Worker.run(ThreadPoolExecutor.java:642)
	at java.base/java.lang.Thread.run(Thread.java:1583)
2026-06-15 12:25:08 [TestNG-tests-1] ERROR testCases.TC_001_AccountRegistrationTest - Test failed: 
org.openqa.selenium.NoSuchElementException: no such element: Unable to locate element: {"method":"link text","selector":"Register"}
  (Session info: MicrosoftEdge=149.0.4022.69)
For documentation on this error, please visit: https://www.selenium.dev/documentation/webdriver/troubleshooting/errors#nosuchelementexception
Build info: version: '4.44.0', revision: 'da2039b'
System info: os.name: 'Windows 11', os.arch: 'amd64', os.version: '10.0', java.version: '21.0.9'
Driver info: org.openqa.selenium.edge.EdgeDriver
Command: [d5701e8c64b7a58add2d1a7022f9297f, findElement {using=link text, value=Register}]
Capabilities {acceptInsecureCerts: false, browserName: MicrosoftEdge, browserVersion: 149.0.4022.69, fedcm:accounts: true, goog:processID: 8960, ms:edgeOptions: {debuggerAddress: localhost:49677}, msedge: {msedgedriverVersion: 149.0.4022.69 (6c7df6d8a61d..., userDataDir: C:\Users\kulka\AppData\Loca...}, networkConnectionEnabled: false, pageLoadStrategy: normal, platformName: windows, proxy: Proxy(), se:cdp: ws://localhost:49677/devtoo..., se:cdpVersion: 149.0.4022.69, setWindowRect: true, strictFileInteractability: false, timeouts: {implicit: 0, pageLoad: 300000, script: 30000}, unhandledPromptBehavior: dismiss and notify, webauthn:extension:credBlob: true, webauthn:extension:largeBlob: true, webauthn:extension:minPinLength: true, webauthn:extension:prf: true, webauthn:virtualAuthenticators: true}
Session ID: d5701e8c64b7a58add2d1a7022f9297f
	at org.openqa.selenium.remote.ErrorCodec.decode(ErrorCodec.java:169)
	at org.openqa.selenium.remote.codec.w3c.W3CHttpResponseCodec.decode(W3CHttpResponseCodec.java:143)
	at org.openqa.selenium.remote.codec.w3c.W3CHttpResponseCodec.decode(W3CHttpResponseCodec.java:50)
	at org.openqa.selenium.remote.HttpCommandExecutor.execute(HttpCommandExecutor.java:224)
	at org.openqa.selenium.remote.service.DriverCommandExecutor.invokeExecute(DriverCommandExecutor.java:217)
	at org.openqa.selenium.remote.service.DriverCommandExecutor.execute(DriverCommandExecutor.java:175)
	at org.openqa.selenium.remote.RemoteWebDriver.execute(RemoteWebDriver.java:600)
	at org.openqa.selenium.remote.ElementLocation$ElementFinder$2.findElement(ElementLocation.java:173)
	at org.openqa.selenium.remote.ElementLocation.findElement(ElementLocation.java:60)
	at org.openqa.selenium.remote.RemoteWebDriver.findElement(RemoteWebDriver.java:421)
	at org.openqa.selenium.remote.RemoteWebDriver.findElement(RemoteWebDriver.java:415)
	at org.openqa.selenium.support.pagefactory.DefaultElementLocator.findElement(DefaultElementLocator.java:69)
	at org.openqa.selenium.support.pagefactory.internal.LocatingElementHandler.invoke(LocatingElementHandler.java:38)
	at jdk.proxy2/jdk.proxy2.$Proxy31.click(Unknown Source)
	at pageObjects.HomePage.clickRegister(HomePage.java:30)
	at testCases.TC_001_AccountRegistrationTest.verify_account_registration(TC_001_AccountRegistrationTest.java:26)
	at java.base/jdk.internal.reflect.DirectMethodHandleAccessor.invoke(DirectMethodHandleAccessor.java:103)
	at java.base/java.lang.reflect.Method.invoke(Method.java:580)
	at org.testng.internal.invokers.MethodInvocationHelper.invokeMethod(MethodInvocationHelper.java:141)
	at org.testng.internal.invokers.TestInvoker.invokeMethod(TestInvoker.java:697)
	at org.testng.internal.invokers.TestInvoker.invokeTestMethod(TestInvoker.java:230)
	at org.testng.internal.invokers.MethodRunner.runInSequence(MethodRunner.java:63)
	at org.testng.internal.invokers.TestInvoker$MethodInvocationAgent.invoke(TestInvoker.java:1005)
	at org.testng.internal.invokers.TestInvoker.invokeTestMethods(TestInvoker.java:203)
	at org.testng.internal.invokers.TestMethodWorker.invokeTestMethods(TestMethodWorker.java:154)
	at org.testng.internal.invokers.TestMethodWorker.run(TestMethodWorker.java:134)
	at java.base/java.util.ArrayList.forEach(ArrayList.java:1596)
	at org.testng.TestRunner.privateRun(TestRunner.java:744)
	at org.testng.TestRunner.run(TestRunner.java:616)
	at org.testng.SuiteRunner.runTest(SuiteRunner.java:421)
	at org.testng.SuiteRunner$SuiteWorker.run(SuiteRunner.java:463)
	at org.testng.internal.thread.ThreadUtil.lambda$execute$0(ThreadUtil.java:64)
	at java.base/java.util.concurrent.FutureTask.run(FutureTask.java:317)
	at java.base/java.util.concurrent.ThreadPoolExecutor.runWorker(ThreadPoolExecutor.java:1144)
	at java.base/java.util.concurrent.ThreadPoolExecutor$Worker.run(ThreadPoolExecutor.java:642)
	at java.base/java.lang.Thread.run(Thread.java:1583)
2026-06-15 12:33:31 [main] INFO  org.testng.internal.Utils - [TestNG] Running:
  C:\workspaces\seleniumworkspace\OpencartV121\crossbrowsertesting.xml

2026-06-15 12:33:36 [TestNG-tests-2] INFO  testCases.TC_001_AccountRegistrationTest - **** Starting AccountRegistrationTest ****
2026-06-15 12:33:36 [TestNG-tests-1] INFO  testCases.TC_001_AccountRegistrationTest - **** Starting AccountRegistrationTest ****
2026-06-15 12:33:36 [TestNG-tests-2] INFO  testCases.TC_001_AccountRegistrationTest - Clicked on My Account link
2026-06-15 12:33:36 [TestNG-tests-1] INFO  testCases.TC_001_AccountRegistrationTest - Clicked on My Account link
2026-06-15 12:33:56 [TestNG-tests-2] ERROR testCases.TC_001_AccountRegistrationTest - Test failed: 
org.openqa.selenium.NoSuchElementException: no such element: Unable to locate element: {"method":"link text","selector":"Register"}
  (Session info: MicrosoftEdge=149.0.4022.69)
For documentation on this error, please visit: https://www.selenium.dev/documentation/webdriver/troubleshooting/errors#nosuchelementexception
Build info: version: '4.44.0', revision: 'da2039b'
System info: os.name: 'Windows 11', os.arch: 'amd64', os.version: '10.0', java.version: '21.0.9'
Driver info: org.openqa.selenium.edge.EdgeDriver
Command: [8ebb75276a3e670e8e95b2c9eeec5fff, findElement {using=link text, value=Register}]
Capabilities {acceptInsecureCerts: false, browserName: MicrosoftEdge, browserVersion: 149.0.4022.69, fedcm:accounts: true, goog:processID: 18908, ms:edgeOptions: {debuggerAddress: localhost:53867}, msedge: {msedgedriverVersion: 149.0.4022.69 (6c7df6d8a61d..., userDataDir: C:\Users\kulka\AppData\Loca...}, networkConnectionEnabled: false, pageLoadStrategy: normal, platformName: windows, proxy: Proxy(), se:cdp: ws://localhost:53867/devtoo..., se:cdpVersion: 149.0.4022.69, setWindowRect: true, strictFileInteractability: false, timeouts: {implicit: 0, pageLoad: 300000, script: 30000}, unhandledPromptBehavior: dismiss and notify, webauthn:extension:credBlob: true, webauthn:extension:largeBlob: true, webauthn:extension:minPinLength: true, webauthn:extension:prf: true, webauthn:virtualAuthenticators: true}
Session ID: 8ebb75276a3e670e8e95b2c9eeec5fff
	at org.openqa.selenium.remote.ErrorCodec.decode(ErrorCodec.java:169)
	at org.openqa.selenium.remote.codec.w3c.W3CHttpResponseCodec.decode(W3CHttpResponseCodec.java:143)
	at org.openqa.selenium.remote.codec.w3c.W3CHttpResponseCodec.decode(W3CHttpResponseCodec.java:50)
	at org.openqa.selenium.remote.HttpCommandExecutor.execute(HttpCommandExecutor.java:224)
	at org.openqa.selenium.remote.service.DriverCommandExecutor.invokeExecute(DriverCommandExecutor.java:217)
	at org.openqa.selenium.remote.service.DriverCommandExecutor.execute(DriverCommandExecutor.java:175)
	at org.openqa.selenium.remote.RemoteWebDriver.execute(RemoteWebDriver.java:600)
	at org.openqa.selenium.remote.ElementLocation$ElementFinder$2.findElement(ElementLocation.java:173)
	at org.openqa.selenium.remote.ElementLocation.findElement(ElementLocation.java:60)
	at org.openqa.selenium.remote.RemoteWebDriver.findElement(RemoteWebDriver.java:421)
	at org.openqa.selenium.remote.RemoteWebDriver.findElement(RemoteWebDriver.java:415)
	at org.openqa.selenium.support.pagefactory.DefaultElementLocator.findElement(DefaultElementLocator.java:69)
	at org.openqa.selenium.support.pagefactory.internal.LocatingElementHandler.invoke(LocatingElementHandler.java:38)
	at jdk.proxy2/jdk.proxy2.$Proxy31.click(Unknown Source)
	at pageObjects.HomePage.clickRegister(HomePage.java:30)
	at testCases.TC_001_AccountRegistrationTest.verify_account_registration(TC_001_AccountRegistrationTest.java:26)
	at java.base/jdk.internal.reflect.DirectMethodHandleAccessor.invoke(DirectMethodHandleAccessor.java:103)
	at java.base/java.lang.reflect.Method.invoke(Method.java:580)
	at org.testng.internal.invokers.MethodInvocationHelper.invokeMethod(MethodInvocationHelper.java:141)
	at org.testng.internal.invokers.TestInvoker.invokeMethod(TestInvoker.java:697)
	at org.testng.internal.invokers.TestInvoker.invokeTestMethod(TestInvoker.java:230)
	at org.testng.internal.invokers.MethodRunner.runInSequence(MethodRunner.java:63)
	at org.testng.internal.invokers.TestInvoker$MethodInvocationAgent.invoke(TestInvoker.java:1005)
	at org.testng.internal.invokers.TestInvoker.invokeTestMethods(TestInvoker.java:203)
	at org.testng.internal.invokers.TestMethodWorker.invokeTestMethods(TestMethodWorker.java:154)
	at org.testng.internal.invokers.TestMethodWorker.run(TestMethodWorker.java:134)
	at java.base/java.util.ArrayList.forEach(ArrayList.java:1596)
	at org.testng.TestRunner.privateRun(TestRunner.java:744)
	at org.testng.TestRunner.run(TestRunner.java:616)
	at org.testng.SuiteRunner.runTest(SuiteRunner.java:421)
	at org.testng.SuiteRunner$SuiteWorker.run(SuiteRunner.java:463)
	at org.testng.internal.thread.ThreadUtil.lambda$execute$0(ThreadUtil.java:64)
	at java.base/java.util.concurrent.FutureTask.run(FutureTask.java:317)
	at java.base/java.util.concurrent.ThreadPoolExecutor.runWorker(ThreadPoolExecutor.java:1144)
	at java.base/java.util.concurrent.ThreadPoolExecutor$Worker.run(ThreadPoolExecutor.java:642)
	at java.base/java.lang.Thread.run(Thread.java:1583)
2026-06-15 12:34:16 [TestNG-tests-1] ERROR testCases.TC_001_AccountRegistrationTest - Test failed: 
org.openqa.selenium.NoSuchElementException: no such element: Unable to locate element: {"method":"link text","selector":"Register"}
  (Session info: MicrosoftEdge=149.0.4022.69)
For documentation on this error, please visit: https://www.selenium.dev/documentation/webdriver/troubleshooting/errors#nosuchelementexception
Build info: version: '4.44.0', revision: 'da2039b'
System info: os.name: 'Windows 11', os.arch: 'amd64', os.version: '10.0', java.version: '21.0.9'
Driver info: org.openqa.selenium.edge.EdgeDriver
Command: [8ebb75276a3e670e8e95b2c9eeec5fff, findElement {using=link text, value=Register}]
Capabilities {acceptInsecureCerts: false, browserName: MicrosoftEdge, browserVersion: 149.0.4022.69, fedcm:accounts: true, goog:processID: 18908, ms:edgeOptions: {debuggerAddress: localhost:53867}, msedge: {msedgedriverVersion: 149.0.4022.69 (6c7df6d8a61d..., userDataDir: C:\Users\kulka\AppData\Loca...}, networkConnectionEnabled: false, pageLoadStrategy: normal, platformName: windows, proxy: Proxy(), se:cdp: ws://localhost:53867/devtoo..., se:cdpVersion: 149.0.4022.69, setWindowRect: true, strictFileInteractability: false, timeouts: {implicit: 0, pageLoad: 300000, script: 30000}, unhandledPromptBehavior: dismiss and notify, webauthn:extension:credBlob: true, webauthn:extension:largeBlob: true, webauthn:extension:minPinLength: true, webauthn:extension:prf: true, webauthn:virtualAuthenticators: true}
Session ID: 8ebb75276a3e670e8e95b2c9eeec5fff
	at org.openqa.selenium.remote.ErrorCodec.decode(ErrorCodec.java:169)
	at org.openqa.selenium.remote.codec.w3c.W3CHttpResponseCodec.decode(W3CHttpResponseCodec.java:143)
	at org.openqa.selenium.remote.codec.w3c.W3CHttpResponseCodec.decode(W3CHttpResponseCodec.java:50)
	at org.openqa.selenium.remote.HttpCommandExecutor.execute(HttpCommandExecutor.java:224)
	at org.openqa.selenium.remote.service.DriverCommandExecutor.invokeExecute(DriverCommandExecutor.java:217)
	at org.openqa.selenium.remote.service.DriverCommandExecutor.execute(DriverCommandExecutor.java:175)
	at org.openqa.selenium.remote.RemoteWebDriver.execute(RemoteWebDriver.java:600)
	at org.openqa.selenium.remote.ElementLocation$ElementFinder$2.findElement(ElementLocation.java:173)
	at org.openqa.selenium.remote.ElementLocation.findElement(ElementLocation.java:60)
	at org.openqa.selenium.remote.RemoteWebDriver.findElement(RemoteWebDriver.java:421)
	at org.openqa.selenium.remote.RemoteWebDriver.findElement(RemoteWebDriver.java:415)
	at org.openqa.selenium.support.pagefactory.DefaultElementLocator.findElement(DefaultElementLocator.java:69)
	at org.openqa.selenium.support.pagefactory.internal.LocatingElementHandler.invoke(LocatingElementHandler.java:38)
	at jdk.proxy2/jdk.proxy2.$Proxy31.click(Unknown Source)
	at pageObjects.HomePage.clickRegister(HomePage.java:30)
	at testCases.TC_001_AccountRegistrationTest.verify_account_registration(TC_001_AccountRegistrationTest.java:26)
	at java.base/jdk.internal.reflect.DirectMethodHandleAccessor.invoke(DirectMethodHandleAccessor.java:103)
	at java.base/java.lang.reflect.Method.invoke(Method.java:580)
	at org.testng.internal.invokers.MethodInvocationHelper.invokeMethod(MethodInvocationHelper.java:141)
	at org.testng.internal.invokers.TestInvoker.invokeMethod(TestInvoker.java:697)
	at org.testng.internal.invokers.TestInvoker.invokeTestMethod(TestInvoker.java:230)
	at org.testng.internal.invokers.MethodRunner.runInSequence(MethodRunner.java:63)
	at org.testng.internal.invokers.TestInvoker$MethodInvocationAgent.invoke(TestInvoker.java:1005)
	at org.testng.internal.invokers.TestInvoker.invokeTestMethods(TestInvoker.java:203)
	at org.testng.internal.invokers.TestMethodWorker.invokeTestMethods(TestMethodWorker.java:154)
	at org.testng.internal.invokers.TestMethodWorker.run(TestMethodWorker.java:134)
	at java.base/java.util.ArrayList.forEach(ArrayList.java:1596)
	at org.testng.TestRunner.privateRun(TestRunner.java:744)
	at org.testng.TestRunner.run(TestRunner.java:616)
	at org.testng.SuiteRunner.runTest(SuiteRunner.java:421)
	at org.testng.SuiteRunner$SuiteWorker.run(SuiteRunner.java:463)
	at org.testng.internal.thread.ThreadUtil.lambda$execute$0(ThreadUtil.java:64)
	at java.base/java.util.concurrent.FutureTask.run(FutureTask.java:317)
	at java.base/java.util.concurrent.ThreadPoolExecutor.runWorker(ThreadPoolExecutor.java:1144)
	at java.base/java.util.concurrent.ThreadPoolExecutor$Worker.run(ThreadPoolExecutor.java:642)
	at java.base/java.lang.Thread.run(Thread.java:1583)
2026-06-15 12:34:43 [main] INFO  org.testng.internal.Utils - [TestNG] Running:
  C:\workspaces\seleniumworkspace\OpencartV121\crossbrowsertesting.xml

2026-06-15 12:34:46 [TestNG-tests-1] INFO  testCases.TC_001_AccountRegistrationTest - **** Starting AccountRegistrationTest ****
2026-06-15 12:34:46 [TestNG-tests-2] INFO  testCases.TC_001_AccountRegistrationTest - **** Starting AccountRegistrationTest ****
2026-06-15 12:34:46 [TestNG-tests-1] INFO  testCases.TC_001_AccountRegistrationTest - Clicked on My Account link
2026-06-15 12:34:47 [TestNG-tests-2] INFO  testCases.TC_001_AccountRegistrationTest - Clicked on My Account link
2026-06-15 12:34:47 [TestNG-tests-1] INFO  testCases.TC_001_AccountRegistrationTest - Clicked on Register link
2026-06-15 12:34:47 [TestNG-tests-1] INFO  testCases.TC_001_AccountRegistrationTest - Providing customer details...
2026-06-15 12:34:47 [TestNG-tests-2] INFO  testCases.TC_001_AccountRegistrationTest - Clicked on Register link
2026-06-15 12:34:47 [TestNG-tests-2] INFO  testCases.TC_001_AccountRegistrationTest - Providing customer details...
2026-06-15 12:34:50 [TestNG-tests-2] INFO  testCases.TC_001_AccountRegistrationTest - Validating expected message...
2026-06-15 12:34:50 [TestNG-tests-2] INFO  testCases.TC_001_AccountRegistrationTest - ***** Finished TC001_AccountRegistrationTest  ****
2026-06-15 12:34:50 [TestNG-tests-1] INFO  testCases.TC_001_AccountRegistrationTest - Validating expected message...
2026-06-15 12:34:50 [TestNG-tests-1] INFO  testCases.TC_001_AccountRegistrationTest - ***** Finished TC001_AccountRegistrationTest  ****
2026-06-15 12:35:24 [main] INFO  org.testng.internal.Utils - [TestNG] Running:
  C:\workspaces\seleniumworkspace\OpencartV121\master.xml

2026-06-15 12:35:27 [main] INFO  testCases.TC_001_AccountRegistrationTest - **** Starting AccountRegistrationTest ****
2026-06-15 12:35:27 [main] INFO  testCases.TC_001_AccountRegistrationTest - Clicked on My Account link
2026-06-15 12:35:27 [main] INFO  testCases.TC_001_AccountRegistrationTest - Clicked on Register link
2026-06-15 12:35:27 [main] INFO  testCases.TC_001_AccountRegistrationTest - Providing customer details...
2026-06-15 12:35:30 [main] INFO  testCases.TC_001_AccountRegistrationTest - Validating expected message...
2026-06-15 12:35:30 [main] INFO  testCases.TC_001_AccountRegistrationTest - ***** Finished TC001_AccountRegistrationTest  ****
2026-06-15 12:35:32 [main] INFO  testCases.TC_002_LoginTest - Starting TC_002_LoginTest
2026-06-15 12:35:34 [main] INFO  testCases.TC_002_LoginTest - Finished TC_002_LoginTest
2026-06-16 15:36:03 [main] INFO  org.testng.internal.Utils - [TestNG] Running:
  C:\workspaces\seleniumworkspace\OpencartV121\grid-docker.xml

2026-06-16 15:36:11 [main] INFO  testCases.TC_001_AccountRegistrationTest - **** Starting AccountRegistrationTest ****
2026-06-16 15:36:11 [main] INFO  testCases.TC_001_AccountRegistrationTest - Clicked on My Account link
2026-06-16 15:36:12 [main] INFO  testCases.TC_001_AccountRegistrationTest - Clicked on Register link
2026-06-16 15:36:12 [main] INFO  testCases.TC_001_AccountRegistrationTest - Providing customer details...
2026-06-16 15:36:15 [main] INFO  testCases.TC_001_AccountRegistrationTest - Validating expected message...
2026-06-16 15:36:15 [main] INFO  testCases.TC_001_AccountRegistrationTest - ***** Finished TC001_AccountRegistrationTest  ****
2026-06-16 15:36:17 [main] INFO  testCases.TC_002_LoginTest - Starting TC_002_LoginTest
2026-06-16 15:36:19 [main] INFO  testCases.TC_002_LoginTest - Finished TC_002_LoginTest
2026-06-16 15:37:11 [main] INFO  org.testng.internal.Utils - [TestNG] Running:
  C:\workspaces\seleniumworkspace\OpencartV121\grid-docker.xml

2026-06-16 15:37:15 [main] INFO  testCases.TC_001_AccountRegistrationTest - **** Starting AccountRegistrationTest ****
2026-06-16 15:37:15 [main] INFO  testCases.TC_001_AccountRegistrationTest - Clicked on My Account link
2026-06-16 15:37:16 [main] INFO  testCases.TC_001_AccountRegistrationTest - Clicked on Register link
2026-06-16 15:37:16 [main] INFO  testCases.TC_001_AccountRegistrationTest - Providing customer details...
2026-06-16 15:37:20 [main] INFO  testCases.TC_001_AccountRegistrationTest - Validating expected message...
2026-06-16 15:37:20 [main] INFO  testCases.TC_001_AccountRegistrationTest - ***** Finished TC001_AccountRegistrationTest  ****
2026-06-16 15:37:22 [main] INFO  testCases.TC_002_LoginTest - Starting TC_002_LoginTest
2026-06-16 15:37:24 [main] INFO  testCases.TC_002_LoginTest - Finished TC_002_LoginTest
2026-06-16 15:37:45 [main] INFO  testCases.TC_001_AccountRegistrationTest - **** Starting AccountRegistrationTest ****
2026-06-16 15:37:47 [main] INFO  testCases.TC_001_AccountRegistrationTest - Clicked on My Account link
2026-06-16 15:37:48 [main] INFO  testCases.TC_001_AccountRegistrationTest - Clicked on Register link
2026-06-16 15:37:48 [main] INFO  testCases.TC_001_AccountRegistrationTest - Providing customer details...
2026-06-16 15:37:52 [main] INFO  testCases.TC_001_AccountRegistrationTest - Validating expected message...
2026-06-16 15:37:52 [main] INFO  testCases.TC_001_AccountRegistrationTest - ***** Finished TC001_AccountRegistrationTest  ****
2026-06-16 15:38:04 [main] INFO  testCases.TC_002_LoginTest - Starting TC_002_LoginTest
2026-06-16 15:38:07 [main] INFO  testCases.TC_002_LoginTest - Finished TC_002_LoginTest
2026-06-16 15:43:04 [main] INFO  org.testng.internal.Utils - [TestNG] Running:
  C:\workspaces\seleniumworkspace\OpencartV121\grid-docker.xml

2026-06-16 15:43:08 [main] INFO  testCases.TC_001_AccountRegistrationTest - **** Starting AccountRegistrationTest ****
2026-06-16 15:43:08 [main] INFO  testCases.TC_001_AccountRegistrationTest - Clicked on My Account link
2026-06-16 15:43:09 [main] INFO  testCases.TC_001_AccountRegistrationTest - Clicked on Register link
2026-06-16 15:43:09 [main] INFO  testCases.TC_001_AccountRegistrationTest - Providing customer details...
2026-06-16 15:43:12 [main] INFO  testCases.TC_001_AccountRegistrationTest - Validating expected message...
2026-06-16 15:43:12 [main] INFO  testCases.TC_001_AccountRegistrationTest - ***** Finished TC001_AccountRegistrationTest  ****
2026-06-16 15:43:15 [main] INFO  testCases.TC_002_LoginTest - Starting TC_002_LoginTest
2026-06-16 15:43:18 [main] INFO  testCases.TC_002_LoginTest - Finished TC_002_LoginTest
2026-06-16 15:43:37 [main] INFO  testCases.TC_001_AccountRegistrationTest - **** Starting AccountRegistrationTest ****
2026-06-16 15:43:38 [main] INFO  testCases.TC_001_AccountRegistrationTest - Clicked on My Account link
2026-06-16 15:43:40 [main] INFO  testCases.TC_001_AccountRegistrationTest - Clicked on Register link
2026-06-16 15:43:40 [main] INFO  testCases.TC_001_AccountRegistrationTest - Providing customer details...
2026-06-16 15:43:46 [main] INFO  testCases.TC_001_AccountRegistrationTest - Validating expected message...
2026-06-16 15:43:47 [main] INFO  testCases.TC_001_AccountRegistrationTest - ***** Finished TC001_AccountRegistrationTest  ****
2026-06-16 15:44:08 [main] INFO  testCases.TC_002_LoginTest - Starting TC_002_LoginTest
2026-06-16 15:44:13 [main] INFO  testCases.TC_002_LoginTest - Finished TC_002_LoginTest
2026-06-16 15:47:57 [main] INFO  org.testng.internal.Utils - [TestNG] Running:
  C:\workspaces\seleniumworkspace\OpencartV121\grid-docker.xml

2026-06-16 15:48:59 [main] INFO  org.testng.internal.Utils - [TestNG] Running:
  C:\workspaces\seleniumworkspace\OpencartV121\grid-docker.xml

2026-06-16 15:51:38 [main] INFO  org.testng.internal.Utils - [TestNG] Running:
  C:\workspaces\seleniumworkspace\OpencartV121\grid-docker.xml

2026-06-16 15:51:44 [main] INFO  testCases.TC_001_AccountRegistrationTest - **** Starting AccountRegistrationTest ****
2026-06-16 15:51:44 [main] INFO  testCases.TC_001_AccountRegistrationTest - Clicked on My Account link
2026-06-16 15:51:45 [main] INFO  testCases.TC_001_AccountRegistrationTest - Clicked on Register link
2026-06-16 15:51:45 [main] INFO  testCases.TC_001_AccountRegistrationTest - Providing customer details...
2026-06-16 15:51:47 [main] INFO  testCases.TC_001_AccountRegistrationTest - Validating expected message...
2026-06-16 15:51:48 [main] INFO  testCases.TC_001_AccountRegistrationTest - ***** Finished TC001_AccountRegistrationTest  ****
2026-06-16 15:51:49 [main] INFO  testCases.TC_002_LoginTest - Starting TC_002_LoginTest
2026-06-16 15:51:51 [main] INFO  testCases.TC_002_LoginTest - Finished TC_002_LoginTest
2026-06-16 15:51:59 [main] INFO  testCases.TC_001_AccountRegistrationTest - **** Starting AccountRegistrationTest ****
2026-06-16 15:51:59 [main] INFO  testCases.TC_001_AccountRegistrationTest - Clicked on My Account link
2026-06-16 15:52:00 [main] INFO  testCases.TC_001_AccountRegistrationTest - Clicked on Register link
2026-06-16 15:52:00 [main] INFO  testCases.TC_001_AccountRegistrationTest - Providing customer details...
2026-06-16 15:52:02 [main] INFO  testCases.TC_001_AccountRegistrationTest - Validating expected message...
2026-06-16 15:52:02 [main] INFO  testCases.TC_001_AccountRegistrationTest - ***** Finished TC001_AccountRegistrationTest  ****
2026-06-16 15:52:07 [main] INFO  testCases.TC_002_LoginTest - Starting TC_002_LoginTest
2026-06-16 15:52:09 [main] INFO  testCases.TC_002_LoginTest - Finished TC_002_LoginTest
2026-06-16 16:21:23 [main] INFO  org.testng.internal.Utils - [TestNG] Running:
  C:\workspaces\seleniumworkspace\OpencartV121\grid-docker.xml

2026-06-16 16:21:29 [main] INFO  testCases.TC_001_AccountRegistrationTest - **** Starting AccountRegistrationTest ****
2026-06-16 16:21:29 [main] INFO  testCases.TC_001_AccountRegistrationTest - Clicked on My Account link
2026-06-16 16:21:29 [main] INFO  testCases.TC_001_AccountRegistrationTest - Clicked on Register link
2026-06-16 16:21:29 [main] INFO  testCases.TC_001_AccountRegistrationTest - Providing customer details...
2026-06-16 16:21:32 [main] INFO  testCases.TC_001_AccountRegistrationTest - Validating expected message...
2026-06-16 16:21:32 [main] INFO  testCases.TC_001_AccountRegistrationTest - ***** Finished TC001_AccountRegistrationTest  ****
2026-06-16 16:21:33 [main] INFO  testCases.TC_002_LoginTest - Starting TC_002_LoginTest
2026-06-16 16:21:35 [main] INFO  testCases.TC_002_LoginTest - Finished TC_002_LoginTest
2026-06-16 16:21:41 [main] INFO  testCases.TC_001_AccountRegistrationTest - **** Starting AccountRegistrationTest ****
2026-06-16 16:21:41 [main] INFO  testCases.TC_001_AccountRegistrationTest - Clicked on My Account link
2026-06-16 16:21:42 [main] INFO  testCases.TC_001_AccountRegistrationTest - Clicked on Register link
2026-06-16 16:21:42 [main] INFO  testCases.TC_001_AccountRegistrationTest - Providing customer details...
2026-06-16 16:21:43 [main] INFO  testCases.TC_001_AccountRegistrationTest - Validating expected message...
2026-06-16 16:21:43 [main] INFO  testCases.TC_001_AccountRegistrationTest - ***** Finished TC001_AccountRegistrationTest  ****
2026-06-16 16:21:47 [main] INFO  testCases.TC_002_LoginTest - Starting TC_002_LoginTest
2026-06-16 16:21:49 [main] INFO  testCases.TC_002_LoginTest - Finished TC_002_LoginTest
2026-06-17 13:48:00 [main] INFO  testCases.TC_001_AccountRegistrationTest - **** Starting AccountRegistrationTest ****
2026-06-17 13:48:01 [main] INFO  testCases.TC_001_AccountRegistrationTest - Clicked on My Account link
2026-06-17 13:48:02 [main] INFO  testCases.TC_001_AccountRegistrationTest - Clicked on Register link
2026-06-17 13:48:02 [main] INFO  testCases.TC_001_AccountRegistrationTest - Providing customer details...
2026-06-17 13:48:05 [main] INFO  testCases.TC_001_AccountRegistrationTest - Validating expected message...
2026-06-17 13:48:05 [main] INFO  testCases.TC_001_AccountRegistrationTest - ***** Finished TC001_AccountRegistrationTest  ****
2026-06-17 13:48:08 [main] INFO  testCases.TC_002_LoginTest - Starting TC_002_LoginTest
2026-06-17 13:48:10 [main] INFO  testCases.TC_002_LoginTest - Finished TC_002_LoginTest
2026-06-17 15:37:00 [main] INFO  testCases.TC_001_AccountRegistrationTest - **** Starting AccountRegistrationTest ****
2026-06-17 15:37:00 [main] INFO  testCases.TC_001_AccountRegistrationTest - Clicked on My Account link
2026-06-17 15:37:01 [main] INFO  testCases.TC_001_AccountRegistrationTest - Clicked on Register link
2026-06-17 15:37:01 [main] INFO  testCases.TC_001_AccountRegistrationTest - Providing customer details...
2026-06-17 15:37:05 [main] INFO  testCases.TC_001_AccountRegistrationTest - Validating expected message...
2026-06-17 15:37:05 [main] INFO  testCases.TC_001_AccountRegistrationTest - ***** Finished TC001_AccountRegistrationTest  ****
2026-06-17 15:37:08 [main] INFO  testCases.TC_002_LoginTest - Starting TC_002_LoginTest
2026-06-17 15:37:11 [main] INFO  testCases.TC_002_LoginTest - Finished TC_002_LoginTest
2026-06-17 15:48:44 [main] INFO  testCases.TC_001_AccountRegistrationTest - **** Starting AccountRegistrationTest ****
2026-06-17 15:48:45 [main] INFO  testCases.TC_001_AccountRegistrationTest - Clicked on My Account link
2026-06-17 15:48:46 [main] INFO  testCases.TC_001_AccountRegistrationTest - Clicked on Register link
2026-06-17 15:48:46 [main] INFO  testCases.TC_001_AccountRegistrationTest - Providing customer details...
2026-06-17 15:48:49 [main] INFO  testCases.TC_001_AccountRegistrationTest - Validating expected message...
2026-06-17 15:48:49 [main] INFO  testCases.TC_001_AccountRegistrationTest - ***** Finished TC001_AccountRegistrationTest  ****
2026-06-17 15:48:53 [main] INFO  testCases.TC_002_LoginTest - Starting TC_002_LoginTest
2026-06-17 15:48:56 [main] INFO  testCases.TC_002_LoginTest - Finished TC_002_LoginTest
